URLリストを読み込みました。合計65件のURLが見つかりました。
  -> チェック中: https://miki-yamada.com/blog/11629.html
  -> ページを取得しています: https://miki-yamada.com/blog/11629.html
PAGE 取れた
衆議院予算委員会で補正予算案について質疑｜山田美樹公式サイト｜衆議院議員（元環境副大臣）｜自民党東京都第一選挙区（千代田区・新宿区） プロフィール 政策 実績 活動ブログ 事務所案内 応援する MENU プロフィール 政策 実績 活動ブログ 事務所案内 応援のお願い ホーム 活動ニュース お問い合わせ English 活動ブログ Blog ホーム > 活動ブログ > 衆議院予算委員会で補正予算案について質疑 2023.11.21 衆議院予算委員会で補正予算案について質疑 衆議院予算委員会における令和５年度補正予算案の審議で質疑に立ちました。成長力強化と中小企業について30分間の質疑。NHKのテレビ中継入りでの質問は３度目ですが、持ち時間の中でどこまで質問できるかは答弁の長さ次第で変わってくるので、毎回とても緊張します。いつも委員会質疑で使っているキッチンタイマーと、クリアソン新宿のマイボトルを持って臨みました。 質問は以下のとおりです（カッコ内は答弁者）。 詳細は議事録をご覧ください。 ＜準備中＞ １．政府の半導体支援策が日本経済にどのような影響を及ぼすのか。（岸田総理大臣） ２．賃上げ原資確保のための価格転嫁をスムーズに進めるために、労務費の価格転嫁の指針を政府が示すことはできないか。（新藤内閣府特命担当大臣） ３．交際費から除外される飲食費の上限を、一人あたり五千円から一万円に引き上げるべきではないか。（武見厚生労働大臣） ４．省力化投資支援の「カタログ型」支援とはどのようなものか。申請手続はどの程度簡略化されるのか。（西村経済産業大臣） ５．ファクタリングに対する規制の適用についてどう考えるか。（金融庁政府参考人） ６．一般家庭における断熱窓や高効率給湯器の導入をどのように促進していくか。（西村経済産業大臣） ７．中小企業の賃上げを税制面でどのように支援していくのか。（西村経済産業大臣） ８．来年３月の確定申告では、初めてのインボイス対応のため混乱が予想されるが、どのような対策を考えているのか。（鈴木財務大臣） 今回の総合経済対策や補正予算案に関しては、報道などでは所得税定額減税への批判ばかりが話題になっていますが、中小企業や小規模事業者の方々に役立つ施策も数多く盛り込まれています。早期に補正予算が成立し、一日も早く支援策が皆様のもとに届くことを願っています。 Tweet シェア 一覧に戻る 公式サイトの確認方法 ホーム ｜ プロフィール ｜ 政策 ｜ 実績 ｜ 活動ブログ ｜ 活動ニュース ｜ 応援のお願い ｜ 事務所案内 お問い合わせ ｜ 個人情報保護方針 ｜ サイトマップ ｜ English 【山田みき事務所】 〒100-8982 東京都千代田区永田町2-1-2 衆議院第二議員会館1003号 TEL. 03-3508-7419 FAX.  03-3508-3899 お問い合わせをする 公式サイトの確認方法 個人情報保護方針 ｜ サイトマップ ｜ English © 山田みき Inc. All Rights Reserved.
AI
ai fin
  -> 政策ページを確認。抽出を実行します。
started filtering for manifesto, 山田みき in tokyo 1 district
  -> チェック中: http://miki-yamada.com/wp-content/uploads/2026/01/20260115.pdf
  -> スキップ（PDF/文書ファイル）
  -> チェック中: https://miki-yamada.com/date/2017/page/3
  -> ページを取得しています: https://miki-yamada.com/date/2017/page/3
PAGE 取れた
北朝鮮の核実験に対する抗議決議｜山田美樹公式サイト｜衆議院議員（元環境副大臣）｜自民党東京都第一選挙区（千代田区・新宿区） プロフィール 政策 実績 活動ブログ 事務所案内 応援する MENU プロフィール 政策 実績 活動ブログ 事務所案内 応援のお願い ホーム 活動ニュース お問い合わせ English Blog 活動ブログ ホーム > 活動ブログ 2017.09.05 北朝鮮の核実験に対する抗議決議 >>続きを見る 2017.08.30 国政報告会を開催 >>続きを見る 2017.08.27 麻布十番納涼まつり　ほか >>続きを見る 2017.08.15 終戦記念日 >>続きを見る 2017.08.12 「君の名は」 ほか >>続きを見る 2017.08.03 現場に学ぶ議員連盟　MUJIN訪問 >>続きを見る 2017.08.02 山梨の縄文文化 >>続きを見る 2017.07.27 新橋こいち祭 >>続きを見る 2017.07.16 白金阿波踊り、みたままつり ほか >>続きを見る 2017.07.08 青山周平議員の後援会で女性活躍の講演 >>続きを見る 2017.07.04 座右の銘 『ファンタジーがなければ生きていけない』 >>続きを見る 2017.06.08 「ジェネリック医薬品の将来に向けて」提言　塩崎厚労大臣と麻生財務大臣に申入れ >>続きを見る 2017.06.04 港区で街頭演説 >>続きを見る 2017.05.31 一票の格差　衆議院区割り法案の質疑 >>続きを見る 2017.05.25 与謝野馨先生への手紙 >>続きを見る 2017.05.19 羽田空港整備場を訪問 >>続きを見る 2017.05.17 ＮＰＯとの意見交換会 >>続きを見る 2017.05.16 ジェネリック医薬品の将来を考える会 第2回 >>続きを見る 2017.05.13 神田祭 >>続きを見る 2017.05.09 全国女性税理士連盟のご来訪 >>続きを見る 3 / 5 « ‹ 2 3 4 › » バックナンバー title ► 2026 (23) 3月(8) 2月(6) 1月(9) ► 2025 (50) 12月(3) 11月(2) 10月(1) 9月(9) 8月(4) 7月(2) 6月(5) 5月(3) 4月(6) 3月(5) 2月(7) 1月(3) ► 2024 (40) 10月(8) 9月(2) 8月(4) 7月(1) 6月(3) 5月(9) 4月(2) 3月(2) 2月(5) 1月(4) ► 2023 (71) 12月(4) 11月(7) 10月(4) 9月(3) 8月(3) 7月(8) 6月(8) 5月(7) 4月(5) 3月(9) 2月(10) 1月(3) ► 2022 (74) 12月(7) 11月(7) 10月(12) 9月(12) 8月(4) 7月(1) 6月(7) 5月(6) 4月(5) 3月(5) 2月(5) 1月(3) ► 2021 (61) 12月(2) 11月(5) 10月(15) 9月(4) 8月(5) 7月(5) 6月(9) 5月(1) 4月(3) 3月(5) 2月(2) 1月(5) ► 2020 (54) 12月(2) 11月(8) 10月(5) 9月(4) 8月(4) 7月(1) 6月(4) 5月(8) 4月(3) 3月(4) 2月(5) 1月(6) ► 2019 (57) 12月(5) 11月(7) 10月(7) 9月(5) 8月(3) 7月(2) 6月(6) 5月(9) 4月(6) 3月(2) 2月(2) 1月(3) ► 2018 (68) 12月(5) 11月(5) 10月(7) 9月(4) 8月(7) 7月(5) 6月(5) 5月(8) 4月(7) 3月(6) 2月(6) 1月(3) ► 2017 (93) 12月(5) 11月(4) 10月(28) 9月(4) 8月(6) 7月(4) 6月(2) 5月(8) 4月(11) 3月(10) 2月(8) 1月(3) ► 2016 (75) 12月(8) 11月(6) 10月(8) 9月(4) 8月(4) 7月(5) 6月(7) 5月(4) 4月(8) 3月(7) 2月(8) 1月(6) ► 2015 (75) 12月(7) 11月(12) 10月(12) 9月(6) 8月(6) 7月(4) 6月(3) 5月(4) 4月(7) 3月(8) 2月(5) 1月(1) ► 2014 (136) 12月(15) 11月(10) 10月(8) 9月(10) 8月(12) 7月(16) 6月(15) 5月(14) 4月(10) 3月(9) 2月(10) 1月(7) ► 2013 (131) 12月(10) 11月(16) 10月(14) 9月(15) 8月(11) 7月(15) 6月(13) 5月(17) 4月(8) 3月(7) 2月(2) 1月(3) ► 2012 (105) 12月(2) 11月(9) 10月(10) 9月(8) 8月(4) 7月(10) 6月(7) 5月(13) 4月(9) 3月(12) 2月(11) 1月(10) ► 2011 (9) 12月(4) 11月(5) 新着5件 政策⑨　不安を安心に 政策⑧　GXで猛暑に立ち向かう 政策⑦　自ら守る強靭な外交・安全保障 政策⑥　都心の声で不公平増税ストップ 政策⑤　政官民一体の行政改革 公式サイトの確認方法 ホーム ｜ プロフィール ｜ 政策 ｜ 実績 ｜ 活動ブログ ｜ 活動ニュース ｜ 応援のお願い ｜ 事務所案内 お問い合わせ ｜ 個人情報保護方針 ｜ サイトマップ ｜ English 【山田みき事務所】 〒100-8982 東京都千代田区永田町2-1-2 衆議院第二議員会館1003号 TEL. 03-3508-7419 FAX.  03-3508-3899 お問い合わせをする 公式サイトの確認方法 個人情報保護方針 ｜ サイトマップ ｜ English © 山田みき Inc. All Rights Reserved.
AI
ai fin
  -> 政策ページを確認。抽出を実行します。
started filtering for manifesto, 山田みき in tokyo 1 district
  -> チェック中: https://miki-yamada.com/blog/11872.html
  -> ページを取得しています: https://miki-yamada.com/blog/11872.html
PAGE 取れた
女性活躍推進特別委員会　林官房長官に提言申入れ｜山田美樹公式サイト｜衆議院議員（元環境副大臣）｜自民党東京都第一選挙区（千代田区・新宿区） プロフィール 政策 実績 活動ブログ 事務所案内 応援する MENU プロフィール 政策 実績 活動ブログ 事務所案内 応援のお願い ホーム 活動ニュース お問い合わせ English 活動ブログ Blog ホーム > 活動ブログ > 女性活躍推進特別委員会　林官房長官に提言申入れ 2024.05.31 女性活躍推進特別委員会　林官房長官に提言申入れ 自民党の女性活躍推進特別委員会（堀内詔子委員長）の事務局長を務めており、『女性版骨太の方針2024』に向けた提言をとりまとめ、林芳正官房長官に申入れを行いました。 今回の提言では、①企業等における女性活躍の一層の推進、②女性の所得向上・経済的自立に向けた取組の一層の推進、③（能登半島地震の経験を踏まえて）個人の尊厳と安心・安全が守られる社会の実現、を盛り込んでいますが、今年新たに踏み込んだ内容として、④あらゆる分野における政策・方針決定プロセスへの女性の参画、を加えています。 例えば生成AI。AIが活用するデータそのものにジェンダーバイアスがあるため、AIが意思決定するとバイアスが拡大してしまうという問題があります。 また、日本では働く人の44％が女性ですが、更年期症状や乳がん・子宮がんなど、女性特有の健康問題で仕事を諦めざるを得ない等の社会全体の経済損失が、年間約3.4兆円にも上るとの政府の試算があります。 また、車の座席やシートベルトの構造はそもそも男性を前提に設計されており、安全検査に使う人体模型も男性であるため、女性が事故にあった場合、重症を負う確率は男性よりも47％高く、死亡率は17％高い、というアメリカ運輸省の調査結果があります。男性にとっても、もしそれが大切な奥さん、娘さん、お母さんだとしたら、女性だけの問題ではないはずです。 あらゆる政策に女性の視点を取り込み、こうした問題をひとつひとつ解決していくことは、女性のためだけでなく、社会全体のためでもあります。これまでの女性活躍から進化した新たな取組に、さらに力を入れていきたいと思っています。 Tweet シェア 一覧に戻る 公式サイトの確認方法 ホーム ｜ プロフィール ｜ 政策 ｜ 実績 ｜ 活動ブログ ｜ 活動ニュース ｜ 応援のお願い ｜ 事務所案内 お問い合わせ ｜ 個人情報保護方針 ｜ サイトマップ ｜ English 【山田みき事務所】 〒100-8982 東京都千代田区永田町2-1-2 衆議院第二議員会館1003号 TEL. 03-3508-7419 FAX.  03-3508-3899 お問い合わせをする 公式サイトの確認方法 個人情報保護方針 ｜ サイトマップ ｜ English © 山田みき Inc. All Rights Reserved.
AI
ai fin
  -> 政策ページを確認。抽出を実行します。
started filtering for manifesto, 山田みき in tokyo 1 district
